  Compiling CUDA source file kernel.cu...
  
  D:\Learn_CUDA\Histogram Equalization\Histogram Equalization>"C:\Program Files\NVIDIA GPU Computing Toolkit\CUDA\v11.7\bin\nvcc.exe" -gencode=arch=compute_52,code=\"sm_52,compute_52\" --use-local-env -ccbin "C:\Program Files\Microsoft Visual Studio\2022\Community\VC\Tools\MSVC\14.32.31326\bin\HostX64\x64" -x cu   -I"C:\Program Files\NVIDIA GPU Computing Toolkit\CUDA\v11.7\include" -I"C:\Program Files\NVIDIA GPU Computing Toolkit\CUDA\v11.7\include"  -G   --keep-dir x64\Debug  -maxrregcount=0  --machine 64 --compile -cudart static  -g  -DWIN32 -DWIN64 -D_DEBUG -D_CONSOLE -D_MBCS -Xcompiler "/EHsc /W3 /nologo /Od /Fdx64\Debug\vc143.pdb /FS /Zi /RTC1 /MDd " -o "D:\Learn_CUDA\Histogram Equalization\Histogram Equalization\x64\Debug\kernel.cu.obj" "D:\Learn_CUDA\Histogram Equalization\Histogram Equalization\kernel.cu" 
D:\Learn_CUDA\Histogram Equalization\Histogram Equalization\kernel.cu(198): warning #546-D: transfer of control bypasses initialization of:
              variable "dimGrid"
  (245): here
              variable "dimBlock"
  (246): here
  
D:\Learn_CUDA\Histogram Equalization\Histogram Equalization\kernel.cu(205): warning #546-D: transfer of control bypasses initialization of:
              variable "dimGrid"
  (245): here
              variable "dimBlock"
  (246): here
  
D:\Learn_CUDA\Histogram Equalization\Histogram Equalization\kernel.cu(212): warning #546-D: transfer of control bypasses initialization of:
              variable "dimGrid"
  (245): here
              variable "dimBlock"
  (246): here
  
D:\Learn_CUDA\Histogram Equalization\Histogram Equalization\kernel.cu(220): warning #546-D: transfer of control bypasses initialization of:
              variable "dimGrid"
  (245): here
              variable "dimBlock"
  (246): here
  
D:\Learn_CUDA\Histogram Equalization\Histogram Equalization\kernel.cu(228): warning #546-D: transfer of control bypasses initialization of:
              variable "dimGrid"
  (245): here
              variable "dimBlock"
  (246): here
  
D:\Learn_CUDA\Histogram Equalization\Histogram Equalization\kernel.cu(235): warning #546-D: transfer of control bypasses initialization of:
              variable "dimGrid"
  (245): here
              variable "dimBlock"
  (246): here
  
D:\Learn_CUDA\Histogram Equalization\Histogram Equalization\kernel.cu(242): warning #546-D: transfer of control bypasses initialization of:
              variable "dimGrid"
  (245): here
              variable "dimBlock"
  (246): here
  
D:\Learn_CUDA\Histogram Equalization\Histogram Equalization\kernel.cu(198): warning #546-D: transfer of control bypasses initialization of:
              variable "dimGrid"
  (245): here
              variable "dimBlock"
  (246): here
  
D:\Learn_CUDA\Histogram Equalization\Histogram Equalization\kernel.cu(205): warning #546-D: transfer of control bypasses initialization of:
              variable "dimGrid"
  (245): here
              variable "dimBlock"
  (246): here
  
D:\Learn_CUDA\Histogram Equalization\Histogram Equalization\kernel.cu(212): warning #546-D: transfer of control bypasses initialization of:
              variable "dimGrid"
  (245): here
              variable "dimBlock"
  (246): here
  
D:\Learn_CUDA\Histogram Equalization\Histogram Equalization\kernel.cu(220): warning #546-D: transfer of control bypasses initialization of:
              variable "dimGrid"
  (245): here
              variable "dimBlock"
  (246): here
  
D:\Learn_CUDA\Histogram Equalization\Histogram Equalization\kernel.cu(228): warning #546-D: transfer of control bypasses initialization of:
              variable "dimGrid"
  (245): here
              variable "dimBlock"
  (246): here
  
D:\Learn_CUDA\Histogram Equalization\Histogram Equalization\kernel.cu(235): warning #546-D: transfer of control bypasses initialization of:
              variable "dimGrid"
  (245): here
              variable "dimBlock"
  (246): here
  
D:\Learn_CUDA\Histogram Equalization\Histogram Equalization\kernel.cu(242): warning #546-D: transfer of control bypasses initialization of:
              variable "dimGrid"
  (245): here
              variable "dimBlock"
  (246): here
  
  kernel.cu
D:\Learn_CUDA\Histogram Equalization\Histogram Equalization\kernel.cu(133): warning C4244: “参数”: 从“time_t”转换到“unsigned int”，可能丢失数据
D:\Learn_CUDA\Histogram Equalization\Histogram Equalization\kernel.cu(249): warning C4244: “参数”: 从“double”转换到“unsigned int”，可能丢失数据
D:\Learn_CUDA\Histogram Equalization\Histogram Equalization\kernel.cu(249): warning C4244: “参数”: 从“double”转换到“unsigned int”，可能丢失数据
D:\Learn_CUDA\Histogram Equalization\Histogram Equalization\kernel.cu(270): warning C4244: “参数”: 从“double”转换到“unsigned int”，可能丢失数据
D:\Learn_CUDA\Histogram Equalization\Histogram Equalization\kernel.cu(270): warning C4244: “参数”: 从“double”转换到“unsigned int”，可能丢失数据
D:\Learn_CUDA\Histogram Equalization\Histogram Equalization\kernel.cu(291): warning C4244: “参数”: 从“double”转换到“unsigned int”，可能丢失数据
D:\Learn_CUDA\Histogram Equalization\Histogram Equalization\kernel.cu(291): warning C4244: “参数”: 从“double”转换到“unsigned int”，可能丢失数据
D:\Learn_CUDA\Histogram Equalization\Histogram Equalization\kernel.cu(333): warning C4244: “参数”: 从“double”转换到“unsigned int”，可能丢失数据
D:\Learn_CUDA\Histogram Equalization\Histogram Equalization\kernel.cu(333): warning C4244: “参数”: 从“double”转换到“unsigned int”，可能丢失数据
D:\Learn_CUDA\Histogram Equalization\Histogram Equalization\kernel.cu(354): warning C4244: “参数”: 从“double”转换到“unsigned int”，可能丢失数据
D:\Learn_CUDA\Histogram Equalization\Histogram Equalization\kernel.cu(354): warning C4244: “参数”: 从“double”转换到“unsigned int”，可能丢失数据
D:\Learn_CUDA\Histogram Equalization\Histogram Equalization\kernel.cu(381): warning C4533: "goto Error" 跳过了 "dimBlock" 的初始化
  D:\Learn_CUDA\Histogram Equalization\Histogram Equalization\kernel.cu(381): note: 参见“Error”的声明
  D:\Learn_CUDA\Histogram Equalization\Histogram Equalization\kernel.cu(246): note: 参见“dimBlock”的声明
D:\Learn_CUDA\Histogram Equalization\Histogram Equalization\kernel.cu(381): warning C4533: "goto Error" 跳过了 "dimGrid" 的初始化
  D:\Learn_CUDA\Histogram Equalization\Histogram Equalization\kernel.cu(381): note: 参见“Error”的声明
  D:\Learn_CUDA\Histogram Equalization\Histogram Equalization\kernel.cu(245): note: 参见“dimGrid”的声明
D:\Learn_CUDA\Histogram Equalization\Histogram Equalization\kernel.cu(422): warning C4244: “=”: 从“double”转换到“float”，可能丢失数据
D:\Learn_CUDA\Histogram Equalization\Histogram Equalization\kernel.cu(424): warning C4244: “=”: 从“double”转换到“float”，可能丢失数据
  Histogram Equalization.vcxproj -> D:\Learn_CUDA\Histogram Equalization\x64\Debug\Histogram Equalization.exe
