  Compiling CUDA source file kernel.cu...
  
  D:\CUDA-Exercise\Convolution_1D\Convolution_1D>"C:\Program Files\NVIDIA GPU Computing Toolkit\CUDA\v11.7\bin\nvcc.exe" -gencode=arch=compute_52,code=\"sm_52,compute_52\" --use-local-env -ccbin "C:\Program Files\Microsoft Visual Studio\2022\Community\VC\Tools\MSVC\14.32.31326\bin\HostX64\x64" -x cu   -I"C:\Program Files\NVIDIA GPU Computing Toolkit\CUDA\v11.7\include" -I"C:\Program Files\NVIDIA GPU Computing Toolkit\CUDA\v11.7\include"  -G   --keep-dir x64\Debug  -maxrregcount=0  --machine 64 --compile -cudart static  -g  -DWIN32 -DWIN64 -D_DEBUG -D_CONSOLE -D_MBCS -Xcompiler "/EHsc /W3 /nologo /Od /Fdx64\Debug\vc143.pdb /FS /Zi /RTC1 /MDd " -o D:\CUDA-Exercise\Convolution_1D\Convolution_1D\x64\Debug\kernel.cu.obj "D:\CUDA-Exercise\Convolution_1D\Convolution_1D\kernel.cu" 
D:\CUDA-Exercise\Convolution_1D\Convolution_1D\kernel.cu(190): warning #546-D: transfer of control bypasses initialization of:
              variable "dimBlock"
  (213): here
              variable "dimGrid"
  (214): here
  
D:\CUDA-Exercise\Convolution_1D\Convolution_1D\kernel.cu(196): warning #546-D: transfer of control bypasses initialization of:
              variable "dimBlock"
  (213): here
              variable "dimGrid"
  (214): here
  
D:\CUDA-Exercise\Convolution_1D\Convolution_1D\kernel.cu(203): warning #546-D: transfer of control bypasses initialization of:
              variable "dimBlock"
  (213): here
              variable "dimGrid"
  (214): here
  
D:\CUDA-Exercise\Convolution_1D\Convolution_1D\kernel.cu(210): warning #546-D: transfer of control bypasses initialization of:
              variable "dimBlock"
  (213): here
              variable "dimGrid"
  (214): here
  
D:\CUDA-Exercise\Convolution_1D\Convolution_1D\kernel.cu(190): warning #546-D: transfer of control bypasses initialization of:
              variable "dimBlock"
  (213): here
              variable "dimGrid"
  (214): here
  
D:\CUDA-Exercise\Convolution_1D\Convolution_1D\kernel.cu(196): warning #546-D: transfer of control bypasses initialization of:
              variable "dimBlock"
  (213): here
              variable "dimGrid"
  (214): here
  
D:\CUDA-Exercise\Convolution_1D\Convolution_1D\kernel.cu(203): warning #546-D: transfer of control bypasses initialization of:
              variable "dimBlock"
  (213): here
              variable "dimGrid"
  (214): here
  
D:\CUDA-Exercise\Convolution_1D\Convolution_1D\kernel.cu(210): warning #546-D: transfer of control bypasses initialization of:
              variable "dimBlock"
  (213): here
              variable "dimGrid"
  (214): here
  
  kernel.cu
D:\CUDA-Exercise\Convolution_1D\Convolution_1D\kernel.cu(120): warning C4244: “参数”: 从“time_t”转换到“unsigned int”，可能丢失数据
D:\CUDA-Exercise\Convolution_1D\Convolution_1D\kernel.cu(218): warning C4244: “参数”: 从“double”转换到“unsigned int”，可能丢失数据
D:\CUDA-Exercise\Convolution_1D\Convolution_1D\kernel.cu(224): warning C4244: “参数”: 从“double”转换到“unsigned int”，可能丢失数据
D:\CUDA-Exercise\Convolution_1D\Convolution_1D\kernel.cu(230): warning C4244: “参数”: 从“double”转换到“unsigned int”，可能丢失数据
D:\CUDA-Exercise\Convolution_1D\Convolution_1D\kernel.cu(256): warning C4533: "goto Error" 跳过了 "dimGrid" 的初始化
  D:\CUDA-Exercise\Convolution_1D\Convolution_1D\kernel.cu(256): note: 参见“Error”的声明
  D:\CUDA-Exercise\Convolution_1D\Convolution_1D\kernel.cu(214): note: 参见“dimGrid”的声明
D:\CUDA-Exercise\Convolution_1D\Convolution_1D\kernel.cu(256): warning C4533: "goto Error" 跳过了 "dimBlock" 的初始化
  D:\CUDA-Exercise\Convolution_1D\Convolution_1D\kernel.cu(256): note: 参见“Error”的声明
  D:\CUDA-Exercise\Convolution_1D\Convolution_1D\kernel.cu(213): note: 参见“dimBlock”的声明
  Convolution_1D.vcxproj -> D:\CUDA-Exercise\Convolution_1D\x64\Debug\Convolution_1D.exe
