  Compiling CUDA source file kernel.cu...
  
  D:\Learn_CUDA\ListReduction\ListReduction>"C:\Program Files\NVIDIA GPU Computing Toolkit\CUDA\v11.7\bin\nvcc.exe" -gencode=arch=compute_52,code=\"sm_52,compute_52\" --use-local-env -ccbin "C:\Program Files\Microsoft Visual Studio\2022\Community\VC\Tools\MSVC\14.32.31326\bin\HostX64\x64" -x cu   -I"C:\Program Files\NVIDIA GPU Computing Toolkit\CUDA\v11.7\include" -I"C:\Program Files\NVIDIA GPU Computing Toolkit\CUDA\v11.7\include"  -G   --keep-dir x64\Debug  -maxrregcount=0  --machine 64 --compile -cudart static  -g  -DWIN32 -DWIN64 -D_DEBUG -D_CONSOLE -D_MBCS -Xcompiler "/EHsc /W3 /nologo /Od /Fdx64\Debug\vc143.pdb /FS /Zi /RTC1 /MDd " -o D:\Learn_CUDA\ListReduction\ListReduction\x64\Debug\kernel.cu.obj "D:\Learn_CUDA\ListReduction\ListReduction\kernel.cu" 
D:\Learn_CUDA\ListReduction\ListReduction\kernel.cu(116): warning #546-D: transfer of control bypasses initialization of:
              variable "dimGrid"
  (134): here
              variable "dimBlock"
  (135): here
  
D:\Learn_CUDA\ListReduction\ListReduction\kernel.cu(123): warning #546-D: transfer of control bypasses initialization of:
              variable "dimGrid"
  (134): here
              variable "dimBlock"
  (135): here
  
D:\Learn_CUDA\ListReduction\ListReduction\kernel.cu(130): warning #546-D: transfer of control bypasses initialization of:
              variable "dimGrid"
  (134): here
              variable "dimBlock"
  (135): here
  
D:\Learn_CUDA\ListReduction\ListReduction\kernel.cu(116): warning #546-D: transfer of control bypasses initialization of:
              variable "dimGrid"
  (134): here
              variable "dimBlock"
  (135): here
  
D:\Learn_CUDA\ListReduction\ListReduction\kernel.cu(123): warning #546-D: transfer of control bypasses initialization of:
              variable "dimGrid"
  (134): here
              variable "dimBlock"
  (135): here
  
D:\Learn_CUDA\ListReduction\ListReduction\kernel.cu(130): warning #546-D: transfer of control bypasses initialization of:
              variable "dimGrid"
  (134): here
              variable "dimBlock"
  (135): here
  
  kernel.cu
D:\Learn_CUDA\ListReduction\ListReduction\kernel.cu(58): warning C4244: “参数”: 从“time_t”转换到“unsigned int”，可能丢失数据
D:\Learn_CUDA\ListReduction\ListReduction\kernel.cu(160): warning C4533: "goto Error" 跳过了 "dimBlock" 的初始化
  D:\Learn_CUDA\ListReduction\ListReduction\kernel.cu(160): note: 参见“Error”的声明
  D:\Learn_CUDA\ListReduction\ListReduction\kernel.cu(135): note: 参见“dimBlock”的声明
D:\Learn_CUDA\ListReduction\ListReduction\kernel.cu(160): warning C4533: "goto Error" 跳过了 "dimGrid" 的初始化
  D:\Learn_CUDA\ListReduction\ListReduction\kernel.cu(160): note: 参见“Error”的声明
  D:\Learn_CUDA\ListReduction\ListReduction\kernel.cu(134): note: 参见“dimGrid”的声明
    正在创建库 D:\Learn_CUDA\ListReduction\x64\Debug\ListReduction.lib 和对象 D:\Learn_CUDA\ListReduction\x64\Debug\ListReduction.exp
LINK : warning LNK4098: 默认库“LIBCMT”与其他库的使用冲突；请使用 /NODEFAULTLIB:library
  ListReduction.vcxproj -> D:\Learn_CUDA\ListReduction\x64\Debug\ListReduction.exe
